+ [[ -n '' ]]
+ [[ 1000 -eq 0 ]]
+ set +e
++ podman inspect -t image localhost/mt-os:latest
++ jq -r '.[].RepoTags.[0]'
+ resolved_tag=localhost/mt-os:latest
+ return_code=0
+ set -e
++ podman images --filter reference=localhost/mt-os:latest --format ''\''{{.ID}}'\'''
+ USER_IMG_ID=''\''22440549a7f8'\'''
+ [[ 0 -eq 0 ]]
++ just sudoif podman images --filter reference=localhost/mt-os:latest --format ''\''{{.ID}}'\'''
+ ID=22440549a7f8
+ [[ 22440549a7f8 != '22440549a7f8' ]]
++ mktemp -p /home/mrtrick/git/mt-os -d -t _build_podman_scp.XXXXXXXXXX
+ COPYTMP=/tmp/tmp.94m9YZEEsz/_build_podman_scp.kYq9MyAlzt
+ just sudoif TMPDIR=/tmp/tmp.94m9YZEEsz/_build_podman_scp.kYq9MyAlzt podman image scp 1000@localhost::localhost/mt-os:latest root@localhost::localhost/mt-os:latest
Copying blob sha256:82b0ce1a6ac7abba2463ba0a026d2a9ebddb47b63bfaeda36f815b71076e2c65
Copying blob sha256:d79e98082eb0229b67c40c54bd85602f85e27bc7836e00031658a595d7dacc78
Copying blob sha256:daba6c3ae6073670e835b2c6e781ef7e8be0f04eeb205816827cca831797ecd7
Copying blob sha256:19c14fa87e501622b36dbed77fc4adb69d8e59bb37d674e8c6eefc92654e0315
Copying blob sha256:394c2ab1cd4753dd1aa152e4d6772aad26c84855b6b19389880024921640faba
Copying blob sha256:2d88a89e6963ed2e5eee05e2e764c2ff15331e5a533bf97cc2a8c3841cecb867
Copying blob sha256:72141aee62757e4fd2895009fd405afec88b01525133cc758c6574b8f2c3637a
Copying blob sha256:bf6a7f0653fdd63adf7ef591d3526a72b383a39a0501445220be25adf228d6d7
Copying blob sha256:dbbce65b1d7fa205744eca25ce2ed9e9e0074e35fe29a9b2223bf8a445cc9931
Copying blob sha256:ca45f1495708ddebf90dd5efc0bc4b45b969c8e3694cc9e0f239bfaf27fb27c4
Copying blob sha256:39f5b1860825f83fe58131d8f18d2223e81a682c0f55e27e01766aa1a245eaf3
Copying blob sha256:396d895b85220bbd9ff87963b2a353c5334f1663e15e05dad1b53468385ad85d
Copying blob sha256:22b63fb829e708c964fb0a6a59fb8565398f131de9712dfb1a999ac7a556088f
Copying blob sha256:f6cd0dd170d572ebaca1caec7b860b3b2bd467e5cb7e5968b5f7b2d2bbd93b56
Copying blob sha256:5d457647d655d8e08161cd1173f9d3e2bb532ed34e6a8d6cf270c89b0e328ace
Copying blob sha256:a72192a6a13b9c2928fbfc0f0c3206008a25276bc371c18bfef53378b6920f8a
Copying blob sha256:a6d41c4ed900042d308e0d8fb3f4183744051159f699e51b81c96f13f656cb96
Copying blob sha256:1620eea7f9d43519462a86b6744024774c5b1eea25e9e9ca9cd12d26e83cbbb2
Copying blob sha256:547763ae87d548a9d752d68b2b4dab3b5c81009f9ba8d6236c4409618b287886
Copying blob sha256:61a1c9df52b0327814604179d9b95422f79c2ceed53ead1a6a6c12bd067947fc
Copying blob sha256:b19e26714e8e427e7a80eef207dd1a00f938509ff8bcb912835ed12503ea03f2
Copying blob sha256:7ef32e86b36cab02c75534104c1c0999e54a4836b05b3f4f191ec78c7024b8ac
Copying blob sha256:21e95c3586af3271e63c33aaf43f68d1ea25185563997c4ee57c8556d8f54e5d
Copying blob sha256:f6d6711e1e226089eb82e9e85cd5dd3cd319991f6ca4abc0c9e905f361ce5174
Copying blob sha256:3b92fd00c5d3dff9d3cb4cfb0beae52cbff65d4b229a3284d722c7d16b4d6f3f
Copying blob sha256:a5335643264a6429a83f20d4dabfb92c59fa6a320db37a733a9c0f0eeb788b25
Copying blob sha256:92639da80b3893fd8f14a742fa96e0bf3505d666286bcbd4d983b5e44addf894
Copying blob sha256:de84edf8351058d844005cdee3baa77bfab68b1fed34b78ba726dae6ba6f57af
Copying blob sha256:66d3e7a67c25139a4e255ba10efc2ad024267a73a4b329bc8bc89a29e05130cf
Copying blob sha256:3daccf27af0d40a9c1814f46db011997e25dab1da318d710a0ac9e215ec91c00
Copying blob sha256:9952813d79554cdef5c468d91a2a92eea6d8c1fdf06b9c57d0fe0c030cee6c29
Copying blob sha256:68500116c925b325c79aef6fe9dd7bf7f93f88e194d8c35e3fcf0143e3c65106
Copying blob sha256:a7f5679cb1f3bdec620c691e2a2fa60f598f3fb2cd0956987aa94718b9af32ae
Copying blob sha256:a19f4695b9baf0a2793a7f075439793c1f24af5c27ae23d764609ef9c88bcb34
Copying blob sha256:06e950f8f664d88755fa1567fddd1509afc6acfcc1188587cc29391933babb0b
Copying blob sha256:9104e7e0a038a31da8d9c4791569359158c834455d59379eea2139952c65fdac
Copying blob sha256:528da04d51020cbbfa37a8322f003c506b872e415961e7b33b9637b995e50bcc
Copying blob sha256:4859d45e195f849b576472dd08eddfc1b2b9e14e6c946c4857acc5c9c5f16d1b
Copying blob sha256:21a0eb323c9dd1734116e98deeae5a6ed702312765315c0a7b0261b0314be3b9
Copying blob sha256:e25e28da89ae75201f6fcfe1d7c95cfe075ad4543c9a6b50985ea9dbff7fed3b
Copying blob sha256:22b7d1e8b0e9776b1eaa74f5f44e07fb32117085fe74497b0a62fcbb7064fe0d
Copying blob sha256:01ca08815e4fa5b9aab74f0aef107c3b40bfbd490b7ba3fc0458c7c8e97cc941
Copying blob sha256:ba23978bd371532d04e5892316b12105b11c93f577480e8e631532ab57b085ab
Copying blob sha256:7ef1dd9916d2b25913c3f00ad6ff6c8da596485b0df7c65fbdf8d26d877ce64c
Copying blob sha256:2d0cb162a129c405d78a56af8217339c5f73572b7607e6999a33dcf1662f799b
Copying blob sha256:1e3077d29cc836d45dc4fca27c5bdc0fbc9e6249c453f092b40ace78cf6b242c
Copying blob sha256:bf0d1c9aa6d351ed4c6010eb13f36a789cad68853490e035594a6729bc02be01
Copying blob sha256:9526ef729cdbe17fffeda7b9a36b90fdf00aa8938308acac7ce9263a4c4c8336
Copying blob sha256:fedd39feab91f27173d9f7b17ecedbb02b6dcd0f1d85c4380f51079ec066651e
Copying blob sha256:315abba38665003f51625509a2024df771f01768889ef4be8b35d8df13467071
Copying blob sha256:1e80c87ae79cfb1fc0032dfe4e4f91a16e01578da87b12e2952698e1bbd4ae14
Copying blob sha256:f6451e58458734220a3adf34a496f522941a7db93ef5d94282bd2bc3f7e42a27
Copying blob sha256:5ee93fad0ee2851767da8e2b74423ed43d3027bc418d4a2308e43d6ba33cd286
Copying blob sha256:87a900d046bfeca744e357198dcbd2f0246989ff866838ee70373b248bd78fd1
Copying blob sha256:9f0b35f0f0813dce8ad591f70619dc069dfd28878c78a607f9ef1b505a732e43
Copying blob sha256:5e1eb9caa8a8dd792f22e1c8a96de247bd10ca44247fc4fc7044a17487362441
Copying blob sha256:d008dce44030bbe45873fa87af5ea35d58e9e357c355207e3b82b7eefa42f6ba
Copying blob sha256:91e2bade0a4fcf6a1094322469822607d237c2672ebd7e79c653a4f1b1cf7c5c
Copying blob sha256:83c0e411d81b71e989f375d75f7cd94580f6d1a2a578bdd243757427eedf15fd
Copying blob sha256:6d6f9197a3dbd3b8a7dda89d54b0f77089eda9a4ab452d125678c02a305cb391
Copying blob sha256:2ebefdce919a53d08ec5252243138e47ba08f5d116fa3a35b25432e29adc861f
Copying blob sha256:f9bcbfc3cee41c21abda12293376bf0647665f7f4dbe9faabfb0725eff9e94ab
Copying blob sha256:80a496419f965b6aa9d82266f1ad5dd1bcd4e05989319f07424c5d8a9480ea22
Copying blob sha256:a28b01a83d1e12b11f2e7d15e12a68ffdf5ebdc4f68a162cc80bc8732f93ad7c
Copying blob sha256:6dabed3153f1c88624e868c3042a7d14fa48fbb3730b9531abc6c900b7b9f504
Copying blob sha256:0b49d3d63b2479b893df11886ed28264ced0a98b4347c81eb7e87adba4c45168
